                                      1 ;--------------------------------------------------------
                                      2 ; File Created by SDCC : free open source ISO C Compiler 
                                      3 ; Version 4.4.0 #14620 (Mac OS X ppc)
                                      4 ;--------------------------------------------------------
                                      5 	.module cooperative
                                      6 	.optsdcc -mmcs51 --model-small
                                      7 	
                                      8 ;--------------------------------------------------------
                                      9 ; Public variables in this module
                                     10 ;--------------------------------------------------------
                                     11 	.globl _Bootstrap
                                     12 	.globl _main
                                     13 	.globl _CY
                                     14 	.globl _AC
                                     15 	.globl _F0
                                     16 	.globl _RS1
                                     17 	.globl _RS0
                                     18 	.globl _OV
                                     19 	.globl _F1
                                     20 	.globl _P
                                     21 	.globl _PS
                                     22 	.globl _PT1
                                     23 	.globl _PX1
                                     24 	.globl _PT0
                                     25 	.globl _PX0
                                     26 	.globl _RD
                                     27 	.globl _WR
                                     28 	.globl _T1
                                     29 	.globl _T0
                                     30 	.globl _INT1
                                     31 	.globl _INT0
                                     32 	.globl _TXD
                                     33 	.globl _RXD
                                     34 	.globl _P3_7
                                     35 	.globl _P3_6
                                     36 	.globl _P3_5
                                     37 	.globl _P3_4
                                     38 	.globl _P3_3
                                     39 	.globl _P3_2
                                     40 	.globl _P3_1
                                     41 	.globl _P3_0
                                     42 	.globl _EA
                                     43 	.globl _ES
                                     44 	.globl _ET1
                                     45 	.globl _EX1
                                     46 	.globl _ET0
                                     47 	.globl _EX0
                                     48 	.globl _P2_7
                                     49 	.globl _P2_6
                                     50 	.globl _P2_5
                                     51 	.globl _P2_4
                                     52 	.globl _P2_3
                                     53 	.globl _P2_2
                                     54 	.globl _P2_1
                                     55 	.globl _P2_0
                                     56 	.globl _SM0
                                     57 	.globl _SM1
                                     58 	.globl _SM2
                                     59 	.globl _REN
                                     60 	.globl _TB8
                                     61 	.globl _RB8
                                     62 	.globl _TI
                                     63 	.globl _RI
                                     64 	.globl _P1_7
                                     65 	.globl _P1_6
                                     66 	.globl _P1_5
                                     67 	.globl _P1_4
                                     68 	.globl _P1_3
                                     69 	.globl _P1_2
                                     70 	.globl _P1_1
                                     71 	.globl _P1_0
                                     72 	.globl _TF1
                                     73 	.globl _TR1
                                     74 	.globl _TF0
                                     75 	.globl _TR0
                                     76 	.globl _IE1
                                     77 	.globl _IT1
                                     78 	.globl _IE0
                                     79 	.globl _IT0
                                     80 	.globl _P0_7
                                     81 	.globl _P0_6
                                     82 	.globl _P0_5
                                     83 	.globl _P0_4
                                     84 	.globl _P0_3
                                     85 	.globl _P0_2
                                     86 	.globl _P0_1
                                     87 	.globl _P0_0
                                     88 	.globl _B
                                     89 	.globl _ACC
                                     90 	.globl _PSW
                                     91 	.globl _IP
                                     92 	.globl _P3
                                     93 	.globl _IE
                                     94 	.globl _P2
                                     95 	.globl _SBUF
                                     96 	.globl _SCON
                                     97 	.globl _P1
                                     98 	.globl _TH1
                                     99 	.globl _TH0
                                    100 	.globl _TL1
                                    101 	.globl _TL0
                                    102 	.globl _TMOD
                                    103 	.globl _TCON
                                    104 	.globl _PCON
                                    105 	.globl _DPH
                                    106 	.globl _DPL
                                    107 	.globl _SP
                                    108 	.globl _P0
                                    109 	.globl _ThreadCreate
                                    110 	.globl _ThreadYield
                                    111 ;--------------------------------------------------------
                                    112 ; special function registers
                                    113 ;--------------------------------------------------------
                                    114 	.area RSEG    (ABS,DATA)
      000000                        115 	.org 0x0000
                           000080   116 _P0	=	0x0080
                           000081   117 _SP	=	0x0081
                           000082   118 _DPL	=	0x0082
                           000083   119 _DPH	=	0x0083
                           000087   120 _PCON	=	0x0087
                           000088   121 _TCON	=	0x0088
                           000089   122 _TMOD	=	0x0089
                           00008A   123 _TL0	=	0x008a
                           00008B   124 _TL1	=	0x008b
                           00008C   125 _TH0	=	0x008c
                           00008D   126 _TH1	=	0x008d
                           000090   127 _P1	=	0x0090
                           000098   128 _SCON	=	0x0098
                           000099   129 _SBUF	=	0x0099
                           0000A0   130 _P2	=	0x00a0
                           0000A8   131 _IE	=	0x00a8
                           0000B0   132 _P3	=	0x00b0
                           0000B8   133 _IP	=	0x00b8
                           0000D0   134 _PSW	=	0x00d0
                           0000E0   135 _ACC	=	0x00e0
                           0000F0   136 _B	=	0x00f0
                                    137 ;--------------------------------------------------------
                                    138 ; special function bits
                                    139 ;--------------------------------------------------------
                                    140 	.area RSEG    (ABS,DATA)
      000000                        141 	.org 0x0000
                           000080   142 _P0_0	=	0x0080
                           000081   143 _P0_1	=	0x0081
                           000082   144 _P0_2	=	0x0082
                           000083   145 _P0_3	=	0x0083
                           000084   146 _P0_4	=	0x0084
                           000085   147 _P0_5	=	0x0085
                           000086   148 _P0_6	=	0x0086
                           000087   149 _P0_7	=	0x0087
                           000088   150 _IT0	=	0x0088
                           000089   151 _IE0	=	0x0089
                           00008A   152 _IT1	=	0x008a
                           00008B   153 _IE1	=	0x008b
                           00008C   154 _TR0	=	0x008c
                           00008D   155 _TF0	=	0x008d
                           00008E   156 _TR1	=	0x008e
                           00008F   157 _TF1	=	0x008f
                           000090   158 _P1_0	=	0x0090
                           000091   159 _P1_1	=	0x0091
                           000092   160 _P1_2	=	0x0092
                           000093   161 _P1_3	=	0x0093
                           000094   162 _P1_4	=	0x0094
                           000095   163 _P1_5	=	0x0095
                           000096   164 _P1_6	=	0x0096
                           000097   165 _P1_7	=	0x0097
                           000098   166 _RI	=	0x0098
                           000099   167 _TI	=	0x0099
                           00009A   168 _RB8	=	0x009a
                           00009B   169 _TB8	=	0x009b
                           00009C   170 _REN	=	0x009c
                           00009D   171 _SM2	=	0x009d
                           00009E   172 _SM1	=	0x009e
                           00009F   173 _SM0	=	0x009f
                           0000A0   174 _P2_0	=	0x00a0
                           0000A1   175 _P2_1	=	0x00a1
                           0000A2   176 _P2_2	=	0x00a2
                           0000A3   177 _P2_3	=	0x00a3
                           0000A4   178 _P2_4	=	0x00a4
                           0000A5   179 _P2_5	=	0x00a5
                           0000A6   180 _P2_6	=	0x00a6
                           0000A7   181 _P2_7	=	0x00a7
                           0000A8   182 _EX0	=	0x00a8
                           0000A9   183 _ET0	=	0x00a9
                           0000AA   184 _EX1	=	0x00aa
                           0000AB   185 _ET1	=	0x00ab
                           0000AC   186 _ES	=	0x00ac
                           0000AF   187 _EA	=	0x00af
                           0000B0   188 _P3_0	=	0x00b0
                           0000B1   189 _P3_1	=	0x00b1
                           0000B2   190 _P3_2	=	0x00b2
                           0000B3   191 _P3_3	=	0x00b3
                           0000B4   192 _P3_4	=	0x00b4
                           0000B5   193 _P3_5	=	0x00b5
                           0000B6   194 _P3_6	=	0x00b6
                           0000B7   195 _P3_7	=	0x00b7
                           0000B0   196 _RXD	=	0x00b0
                           0000B1   197 _TXD	=	0x00b1
                           0000B2   198 _INT0	=	0x00b2
                           0000B3   199 _INT1	=	0x00b3
                           0000B4   200 _T0	=	0x00b4
                           0000B5   201 _T1	=	0x00b5
                           0000B6   202 _WR	=	0x00b6
                           0000B7   203 _RD	=	0x00b7
                           0000B8   204 _PX0	=	0x00b8
                           0000B9   205 _PT0	=	0x00b9
                           0000BA   206 _PX1	=	0x00ba
                           0000BB   207 _PT1	=	0x00bb
                           0000BC   208 _PS	=	0x00bc
                           0000D0   209 _P	=	0x00d0
                           0000D1   210 _F1	=	0x00d1
                           0000D2   211 _OV	=	0x00d2
                           0000D3   212 _RS0	=	0x00d3
                           0000D4   213 _RS1	=	0x00d4
                           0000D5   214 _F0	=	0x00d5
                           0000D6   215 _AC	=	0x00d6
                           0000D7   216 _CY	=	0x00d7
                                    217 ;--------------------------------------------------------
                                    218 ; overlayable register banks
                                    219 ;--------------------------------------------------------
                                    220 	.area REG_BANK_0	(REL,OVR,DATA)
      000000                        221 	.ds 8
                                    222 ;--------------------------------------------------------
                                    223 ; internal ram data
                                    224 ;--------------------------------------------------------
                                    225 	.area DSEG    (DATA)
                           000032   226 _SPArray	=	0x0032
                           000036   227 _currThr	=	0x0036
                           000037   228 _threadBitMask	=	0x0037
                           000038   229 _tempBitMask	=	0x0038
                           000039   230 _tempSP	=	0x0039
      000000                        231 _ThreadYield_sloc0_1_0:
      000000                        232 	.ds 2
                                    233 ;--------------------------------------------------------
                                    234 ; overlayable items in internal ram
                                    235 ;--------------------------------------------------------
                                    236 	.area	OSEG    (OVR,DATA)
                                    237 ;--------------------------------------------------------
                                    238 ; indirectly addressable internal ram data
                                    239 ;--------------------------------------------------------
                                    240 	.area ISEG    (DATA)
                                    241 ;--------------------------------------------------------
                                    242 ; absolute internal ram data
                                    243 ;--------------------------------------------------------
                                    244 	.area IABS    (ABS,DATA)
      000021                        245 	.org 0x0021
      000021                        246 _pushZero:
      000021                        247 	.ds 1
      00003A                        248 	.org 0x003A
      00003A                        249 _tempPSW:
      00003A                        250 	.ds 1
                                    251 	.area IABS    (ABS,DATA)
                                    252 ;--------------------------------------------------------
                                    253 ; bit data
                                    254 ;--------------------------------------------------------
                                    255 	.area BSEG    (BIT)
                                    256 ;--------------------------------------------------------
                                    257 ; paged external ram data
                                    258 ;--------------------------------------------------------
                                    259 	.area PSEG    (PAG,XDATA)
                                    260 ;--------------------------------------------------------
                                    261 ; uninitialized external ram data
                                    262 ;--------------------------------------------------------
                                    263 	.area XSEG    (XDATA)
                                    264 ;--------------------------------------------------------
                                    265 ; absolute external ram data
                                    266 ;--------------------------------------------------------
                                    267 	.area XABS    (ABS,XDATA)
                                    268 ;--------------------------------------------------------
                                    269 ; initialized external ram data
                                    270 ;--------------------------------------------------------
                                    271 	.area XISEG   (XDATA)
                                    272 	.area HOME    (CODE)
                                    273 	.area GSINIT0 (CODE)
                                    274 	.area GSINIT1 (CODE)
                                    275 	.area GSINIT2 (CODE)
                                    276 	.area GSINIT3 (CODE)
                                    277 	.area GSINIT4 (CODE)
                                    278 	.area GSINIT5 (CODE)
                                    279 	.area GSINIT  (CODE)
                                    280 	.area GSFINAL (CODE)
                                    281 	.area CSEG    (CODE)
                                    282 ;--------------------------------------------------------
                                    283 ; global & static initialisations
                                    284 ;--------------------------------------------------------
                                    285 	.area HOME    (CODE)
                                    286 	.area GSINIT  (CODE)
                                    287 	.area GSFINAL (CODE)
                                    288 	.area GSINIT  (CODE)
                                    289 ;	cooperative.c:9: __data __at (0x21) static char pushZero = (char)0x00;  //Direct address to push 0 to registers in ThreadCreate                   
      000000 75*21 00         [24]  290 	mov	_pushZero,#0x00
                                    291 ;	cooperative.c:12: __data __at (0x3A) static char tempPSW = (char)0x00;   //Temporary PSW
      000003 75*3A 00         [24]  292 	mov	_tempPSW,#0x00
                                    293 ;--------------------------------------------------------
                                    294 ; Home
                                    295 ;--------------------------------------------------------
                                    296 	.area HOME    (CODE)
                                    297 	.area HOME    (CODE)
                                    298 ;--------------------------------------------------------
                                    299 ; code
                                    300 ;--------------------------------------------------------
                                    301 	.area CSEG    (CODE)
                                    302 ;------------------------------------------------------------
                                    303 ;Allocation info for local variables in function 'Bootstrap'
                                    304 ;------------------------------------------------------------
                                    305 ;	cooperative.c:42: void Bootstrap(void) {
                                    306 ;	-----------------------------------------
                                    307 ;	 function Bootstrap
                                    308 ;	-----------------------------------------
      000000                        309 _Bootstrap:
                           000007   310 	ar7 = 0x07
                           000006   311 	ar6 = 0x06
                           000005   312 	ar5 = 0x05
                           000004   313 	ar4 = 0x04
                           000003   314 	ar3 = 0x03
                           000002   315 	ar2 = 0x02
                           000001   316 	ar1 = 0x01
                           000000   317 	ar0 = 0x00
                                    318 ;	cooperative.c:43: threadBitMask = (char)0x00;
      000000 75 37 00         [24]  319 	mov	_threadBitMask,#0x00
                                    320 ;	cooperative.c:44: currThr = ThreadCreate(main);
      000003 90r00r00         [24]  321 	mov	dptr,#_main
      000006 12r00r1E         [24]  322 	lcall	_ThreadCreate
      000009 85 82 36         [24]  323 	mov	_currThr,dpl
                                    324 ;	cooperative.c:45: RESTORESTATE;
      00000C E5 36            [12]  325 	mov	a,_currThr
      00000E 24 32            [12]  326 	add	a, #_SPArray
      000010 F9               [12]  327 	mov	r1,a
      000011 87 81            [24]  328 	mov	_SP,@r1
      000013 D0 D0            [24]  329 	POP PSW 
      000015 D0 83            [24]  330 	POP DPH 
      000017 D0 82            [24]  331 	POP DPL 
      000019 D0 F0            [24]  332 	POP B 
      00001B D0 E0            [24]  333 	POP ACC 
                                    334 ;	cooperative.c:46: }
      00001D 22               [24]  335 	ret
                                    336 ;------------------------------------------------------------
                                    337 ;Allocation info for local variables in function 'ThreadCreate'
                                    338 ;------------------------------------------------------------
                                    339 ;fp                        Allocated to registers 
                                    340 ;threadId                  Allocated to registers r7 
                                    341 ;startingSP                Allocated to registers r6 
                                    342 ;------------------------------------------------------------
                                    343 ;	cooperative.c:49: ThreadID ThreadCreate(FunctionPtr fp){
                                    344 ;	-----------------------------------------
                                    345 ;	 function ThreadCreate
                                    346 ;	-----------------------------------------
      00001E                        347 _ThreadCreate:
                                    348 ;	cooperative.c:51: if(threadBitMask == (char)0x0F){
      00001E 74 0F            [12]  349 	mov	a,#0x0f
      000020 B5 37 04         [24]  350 	cjne	a,_threadBitMask,00102$
                                    351 ;	cooperative.c:52: return -1;
      000023 75 82 FF         [24]  352 	mov	dpl, #0xff
      000026 22               [24]  353 	ret
      000027                        354 00102$:
                                    355 ;	cooperative.c:56: threadBitMask |= ((threadBitMask+1) & (~threadBitMask));
      000027 AF 37            [24]  356 	mov	r7,_threadBitMask
      000029 0F               [12]  357 	inc	r7
      00002A E5 37            [12]  358 	mov	a,_threadBitMask
      00002C F4               [12]  359 	cpl	a
      00002D 5F               [12]  360 	anl	a,r7
      00002E 42 37            [12]  361 	orl	_threadBitMask,a
                                    362 ;	cooperative.c:60: tempBitMask = threadBitMask;
      000030 85 37 38         [24]  363 	mov	_tempBitMask,_threadBitMask
                                    364 ;	cooperative.c:61: while(tempBitMask>>=1){
      000033 7F 00            [12]  365 	mov	r7,#0x00
      000035                        366 00103$:
      000035 E5 38            [12]  367 	mov	a,_tempBitMask
      000037 C3               [12]  368 	clr	c
      000038 13               [12]  369 	rrc	a
      000039 FE               [12]  370 	mov	r6,a
      00003A 8E 38            [24]  371 	mov	_tempBitMask,r6
      00003C 60 03            [24]  372 	jz	00105$
                                    373 ;	cooperative.c:62: threadId++;
      00003E 0F               [12]  374 	inc	r7
      00003F 80 F4            [24]  375 	sjmp	00103$
      000041                        376 00105$:
                                    377 ;	cooperative.c:66: char startingSP = (char)((threadId^(0x01<<2))<<4);
      000041 74 04            [12]  378 	mov	a,#0x04
      000043 6F               [12]  379 	xrl	a,r7
      000044 C4               [12]  380 	swap	a
      000045 54 F0            [12]  381 	anl	a,#0xf0
      000047 FE               [12]  382 	mov	r6,a
                                    383 ;	cooperative.c:69: tempSP = SP; 
      000048 85 81 39         [24]  384 	mov	_tempSP,_SP
                                    385 ;	cooperative.c:70: SP = startingSP;
      00004B 8E 81            [24]  386 	mov	_SP,r6
                                    387 ;	cooperative.c:73: tempPSW ^= (char)(threadId<<3);
      00004D 8F 06            [24]  388 	mov	ar6,r7
      00004F EE               [12]  389 	mov	a,r6
      000050 C4               [12]  390 	swap	a
      000051 03               [12]  391 	rr	a
      000052 54 F8            [12]  392 	anl	a,#0xf8
      000054 FE               [12]  393 	mov	r6,a
      000055 62*3A            [12]  394 	xrl	_tempPSW,a
                                    395 ;	cooperative.c:84: __endasm;
      000057 C0 82            [24]  396 	PUSH	DPL ;; low-byte of fp parameter
      000059 C0 83            [24]  397 	PUSH	DPH ;; high-byte of fp parameter
      00005B C0*21            [24]  398 	PUSH	_pushZero ;; ACC
      00005D C0*21            [24]  399 	PUSH	_pushZero ;; B
      00005F C0*21            [24]  400 	PUSH	_pushZero ;; DPL
      000061 C0*21            [24]  401 	PUSH	_pushZero ;; DPH
      000063 C0*3A            [24]  402 	PUSH	_tempPSW ;; PSW
                                    403 ;	cooperative.c:87: SPArray[threadId] = SP;
      000065 EF               [12]  404 	mov	a,r7
      000066 24 32            [12]  405 	add	a, #_SPArray
      000068 F8               [12]  406 	mov	r0,a
      000069 A6 81            [24]  407 	mov	@r0,_SP
                                    408 ;	cooperative.c:90: SP = tempSP;
      00006B 85 39 81         [24]  409 	mov	_SP,_tempSP
                                    410 ;	cooperative.c:93: return threadId;
      00006E 8F 82            [24]  411 	mov	dpl, r7
                                    412 ;	cooperative.c:94: }
      000070 22               [24]  413 	ret
                                    414 ;------------------------------------------------------------
                                    415 ;Allocation info for local variables in function 'ThreadYield'
                                    416 ;------------------------------------------------------------
                                    417 ;i                         Allocated to registers r7 
                                    418 ;sloc0                     Allocated with name '_ThreadYield_sloc0_1_0'
                                    419 ;------------------------------------------------------------
                                    420 ;	cooperative.c:97: void ThreadYield(void) {
                                    421 ;	-----------------------------------------
                                    422 ;	 function ThreadYield
                                    423 ;	-----------------------------------------
      000071                        424 _ThreadYield:
                                    425 ;	cooperative.c:98: SAVESTATE;
      000071 C0 E0            [24]  426 	PUSH	ACC 
      000073 C0 F0            [24]  427 	PUSH B 
      000075 C0 82            [24]  428 	PUSH DPL 
      000077 C0 83            [24]  429 	PUSH DPH 
      000079 C0 D0            [24]  430 	PUSH PSW 
      00007B E5 36            [12]  431 	mov	a,_currThr
      00007D 24 32            [12]  432 	add	a, #_SPArray
      00007F F8               [12]  433 	mov	r0,a
      000080 A6 81            [24]  434 	mov	@r0,_SP
                                    435 ;	cooperative.c:100: char i = currThr;
      000082 AF 36            [24]  436 	mov	r7,_currThr
                                    437 ;	cooperative.c:101: do{
      000084                        438 00103$:
                                    439 ;	cooperative.c:102: if((0x01<<((i+1)%(MAXTHREADS))) & threadBitMask){
      000084 8F 05            [24]  440 	mov	ar5,r7
      000086 7E 00            [12]  441 	mov	r6,#0x00
      000088 8D 82            [24]  442 	mov	dpl,r5
      00008A 8E 83            [24]  443 	mov	dph,r6
      00008C A3               [24]  444 	inc	dptr
      00008D 75*00 04         [24]  445 	mov	__modsint_PARM_2,#0x04
      000090 8E*01            [24]  446 	mov	(__modsint_PARM_2 + 1),r6
      000092 C0 06            [24]  447 	push	ar6
      000094 C0 05            [24]  448 	push	ar5
      000096 12r00r00         [24]  449 	lcall	__modsint
      000099 AB 82            [24]  450 	mov	r3, dpl
      00009B D0 05            [24]  451 	pop	ar5
      00009D D0 06            [24]  452 	pop	ar6
      00009F 8B F0            [24]  453 	mov	b,r3
      0000A1 05 F0            [12]  454 	inc	b
      0000A3 75*00 01         [24]  455 	mov	_ThreadYield_sloc0_1_0,#0x01
      0000A6 75*01 00         [24]  456 	mov	(_ThreadYield_sloc0_1_0 + 1),#0x00
      0000A9 80 0B            [24]  457 	sjmp	00121$
      0000AB                        458 00120$:
      0000AB E5*00            [12]  459 	mov	a,_ThreadYield_sloc0_1_0
      0000AD 25*00            [12]  460 	add	a,_ThreadYield_sloc0_1_0
      0000AF F5*00            [12]  461 	mov	_ThreadYield_sloc0_1_0,a
      0000B1 E5*01            [12]  462 	mov	a,(_ThreadYield_sloc0_1_0 + 1)
      0000B3 33               [12]  463 	rlc	a
      0000B4 F5*01            [12]  464 	mov	(_ThreadYield_sloc0_1_0 + 1),a
      0000B6                        465 00121$:
      0000B6 D5 F0 F2         [24]  466 	djnz	b,00120$
      0000B9 AA 37            [24]  467 	mov	r2,_threadBitMask
      0000BB 7C 00            [12]  468 	mov	r4,#0x00
      0000BD E5*00            [12]  469 	mov	a,_ThreadYield_sloc0_1_0
      0000BF 52 02            [12]  470 	anl	ar2,a
      0000C1 E5*01            [12]  471 	mov	a,(_ThreadYield_sloc0_1_0 + 1)
      0000C3 52 04            [12]  472 	anl	ar4,a
      0000C5 EA               [12]  473 	mov	a,r2
      0000C6 4C               [12]  474 	orl	a,r4
      0000C7 60 16            [24]  475 	jz	00102$
                                    476 ;	cooperative.c:103: currThr = (i+1)%MAXTHREADS;
      0000C9 8D 82            [24]  477 	mov	dpl,r5
      0000CB 8E 83            [24]  478 	mov	dph,r6
      0000CD A3               [24]  479 	inc	dptr
      0000CE 75*00 04         [24]  480 	mov	__modsint_PARM_2,#0x04
      0000D1 75*01 00         [24]  481 	mov	(__modsint_PARM_2 + 1),#0x00
      0000D4 12r00r00         [24]  482 	lcall	__modsint
      0000D7 AB 82            [24]  483 	mov	r3, dpl
      0000D9 AC 83            [24]  484 	mov	r4, dph
      0000DB 8B 36            [24]  485 	mov	_currThr,r3
                                    486 ;	cooperative.c:104: break;
      0000DD 80 15            [24]  487 	sjmp	00105$
      0000DF                        488 00102$:
                                    489 ;	cooperative.c:106: i = (i+1)%MAXTHREADS;
      0000DF 8D 82            [24]  490 	mov	dpl,r5
      0000E1 8E 83            [24]  491 	mov	dph,r6
      0000E3 A3               [24]  492 	inc	dptr
      0000E4 75*00 04         [24]  493 	mov	__modsint_PARM_2,#0x04
      0000E7 75*01 00         [24]  494 	mov	(__modsint_PARM_2 + 1),#0x00
      0000EA 12r00r00         [24]  495 	lcall	__modsint
      0000ED AD 82            [24]  496 	mov	r5, dpl
      0000EF 8D 07            [24]  497 	mov	ar7,r5
                                    498 ;	cooperative.c:107: }while(1);
      0000F1 02r00r84         [24]  499 	ljmp	00103$
      0000F4                        500 00105$:
                                    501 ;	cooperative.c:108: RESTORESTATE;
      0000F4 E5 36            [12]  502 	mov	a,_currThr
      0000F6 24 32            [12]  503 	add	a, #_SPArray
      0000F8 F9               [12]  504 	mov	r1,a
      0000F9 87 81            [24]  505 	mov	_SP,@r1
      0000FB D0 D0            [24]  506 	POP PSW 
      0000FD D0 83            [24]  507 	POP DPH 
      0000FF D0 82            [24]  508 	POP DPL 
      000101 D0 F0            [24]  509 	POP B 
      000103 D0 E0            [24]  510 	POP ACC 
                                    511 ;	cooperative.c:109: }
      000105 22               [24]  512 	ret
                                    513 	.area CSEG    (CODE)
                                    514 	.area CONST   (CODE)
                                    515 	.area XINIT   (CODE)
                                    516 	.area CABS    (ABS,CODE)
