                                      1 ;--------------------------------------------------------
                                      2 ; File Created by SDCC : free open source ANSI-C Compiler
                                      3 ; Version 4.1.0 #12072 (Mac OS X ppc)
                                      4 ;--------------------------------------------------------
                                      5 	.module preemptive
                                      6 	.optsdcc -mmcs51 --model-small
                                      7 	
                                      8 ;--------------------------------------------------------
                                      9 ; Public variables in this module
                                     10 ;--------------------------------------------------------
                                     11 	.globl _Bootstrap
                                     12 	.globl _main
                                     13 	.globl _CY
                                     14 	.globl _AC
                                     15 	.globl _F0
                                     16 	.globl _RS1
                                     17 	.globl _RS0
                                     18 	.globl _OV
                                     19 	.globl _F1
                                     20 	.globl _P
                                     21 	.globl _PS
                                     22 	.globl _PT1
                                     23 	.globl _PX1
                                     24 	.globl _PT0
                                     25 	.globl _PX0
                                     26 	.globl _RD
                                     27 	.globl _WR
                                     28 	.globl _T1
                                     29 	.globl _T0
                                     30 	.globl _INT1
                                     31 	.globl _INT0
                                     32 	.globl _TXD
                                     33 	.globl _RXD
                                     34 	.globl _P3_7
                                     35 	.globl _P3_6
                                     36 	.globl _P3_5
                                     37 	.globl _P3_4
                                     38 	.globl _P3_3
                                     39 	.globl _P3_2
                                     40 	.globl _P3_1
                                     41 	.globl _P3_0
                                     42 	.globl _EA
                                     43 	.globl _ES
                                     44 	.globl _ET1
                                     45 	.globl _EX1
                                     46 	.globl _ET0
                                     47 	.globl _EX0
                                     48 	.globl _P2_7
                                     49 	.globl _P2_6
                                     50 	.globl _P2_5
                                     51 	.globl _P2_4
                                     52 	.globl _P2_3
                                     53 	.globl _P2_2
                                     54 	.globl _P2_1
                                     55 	.globl _P2_0
                                     56 	.globl _SM0
                                     57 	.globl _SM1
                                     58 	.globl _SM2
                                     59 	.globl _REN
                                     60 	.globl _TB8
                                     61 	.globl _RB8
                                     62 	.globl _TI
                                     63 	.globl _RI
                                     64 	.globl _P1_7
                                     65 	.globl _P1_6
                                     66 	.globl _P1_5
                                     67 	.globl _P1_4
                                     68 	.globl _P1_3
                                     69 	.globl _P1_2
                                     70 	.globl _P1_1
                                     71 	.globl _P1_0
                                     72 	.globl _TF1
                                     73 	.globl _TR1
                                     74 	.globl _TF0
                                     75 	.globl _TR0
                                     76 	.globl _IE1
                                     77 	.globl _IT1
                                     78 	.globl _IE0
                                     79 	.globl _IT0
                                     80 	.globl _P0_7
                                     81 	.globl _P0_6
                                     82 	.globl _P0_5
                                     83 	.globl _P0_4
                                     84 	.globl _P0_3
                                     85 	.globl _P0_2
                                     86 	.globl _P0_1
                                     87 	.globl _P0_0
                                     88 	.globl _B
                                     89 	.globl _ACC
                                     90 	.globl _PSW
                                     91 	.globl _IP
                                     92 	.globl _P3
                                     93 	.globl _IE
                                     94 	.globl _P2
                                     95 	.globl _SBUF
                                     96 	.globl _SCON
                                     97 	.globl _P1
                                     98 	.globl _TH1
                                     99 	.globl _TH0
                                    100 	.globl _TL1
                                    101 	.globl _TL0
                                    102 	.globl _TMOD
                                    103 	.globl _TCON
                                    104 	.globl _PCON
                                    105 	.globl _DPH
                                    106 	.globl _DPL
                                    107 	.globl _SP
                                    108 	.globl _P0
                                    109 	.globl _ThreadCreate
                                    110 	.globl _myTimer0Handler
                                    111 	.globl _ThreadYield
                                    112 ;--------------------------------------------------------
                                    113 ; special function registers
                                    114 ;--------------------------------------------------------
                                    115 	.area RSEG    (ABS,DATA)
      000000                        116 	.org 0x0000
                           000080   117 _P0	=	0x0080
                           000081   118 _SP	=	0x0081
                           000082   119 _DPL	=	0x0082
                           000083   120 _DPH	=	0x0083
                           000087   121 _PCON	=	0x0087
                           000088   122 _TCON	=	0x0088
                           000089   123 _TMOD	=	0x0089
                           00008A   124 _TL0	=	0x008a
                           00008B   125 _TL1	=	0x008b
                           00008C   126 _TH0	=	0x008c
                           00008D   127 _TH1	=	0x008d
                           000090   128 _P1	=	0x0090
                           000098   129 _SCON	=	0x0098
                           000099   130 _SBUF	=	0x0099
                           0000A0   131 _P2	=	0x00a0
                           0000A8   132 _IE	=	0x00a8
                           0000B0   133 _P3	=	0x00b0
                           0000B8   134 _IP	=	0x00b8
                           0000D0   135 _PSW	=	0x00d0
                           0000E0   136 _ACC	=	0x00e0
                           0000F0   137 _B	=	0x00f0
                                    138 ;--------------------------------------------------------
                                    139 ; special function bits
                                    140 ;--------------------------------------------------------
                                    141 	.area RSEG    (ABS,DATA)
      000000                        142 	.org 0x0000
                           000080   143 _P0_0	=	0x0080
                           000081   144 _P0_1	=	0x0081
                           000082   145 _P0_2	=	0x0082
                           000083   146 _P0_3	=	0x0083
                           000084   147 _P0_4	=	0x0084
                           000085   148 _P0_5	=	0x0085
                           000086   149 _P0_6	=	0x0086
                           000087   150 _P0_7	=	0x0087
                           000088   151 _IT0	=	0x0088
                           000089   152 _IE0	=	0x0089
                           00008A   153 _IT1	=	0x008a
                           00008B   154 _IE1	=	0x008b
                           00008C   155 _TR0	=	0x008c
                           00008D   156 _TF0	=	0x008d
                           00008E   157 _TR1	=	0x008e
                           00008F   158 _TF1	=	0x008f
                           000090   159 _P1_0	=	0x0090
                           000091   160 _P1_1	=	0x0091
                           000092   161 _P1_2	=	0x0092
                           000093   162 _P1_3	=	0x0093
                           000094   163 _P1_4	=	0x0094
                           000095   164 _P1_5	=	0x0095
                           000096   165 _P1_6	=	0x0096
                           000097   166 _P1_7	=	0x0097
                           000098   167 _RI	=	0x0098
                           000099   168 _TI	=	0x0099
                           00009A   169 _RB8	=	0x009a
                           00009B   170 _TB8	=	0x009b
                           00009C   171 _REN	=	0x009c
                           00009D   172 _SM2	=	0x009d
                           00009E   173 _SM1	=	0x009e
                           00009F   174 _SM0	=	0x009f
                           0000A0   175 _P2_0	=	0x00a0
                           0000A1   176 _P2_1	=	0x00a1
                           0000A2   177 _P2_2	=	0x00a2
                           0000A3   178 _P2_3	=	0x00a3
                           0000A4   179 _P2_4	=	0x00a4
                           0000A5   180 _P2_5	=	0x00a5
                           0000A6   181 _P2_6	=	0x00a6
                           0000A7   182 _P2_7	=	0x00a7
                           0000A8   183 _EX0	=	0x00a8
                           0000A9   184 _ET0	=	0x00a9
                           0000AA   185 _EX1	=	0x00aa
                           0000AB   186 _ET1	=	0x00ab
                           0000AC   187 _ES	=	0x00ac
                           0000AF   188 _EA	=	0x00af
                           0000B0   189 _P3_0	=	0x00b0
                           0000B1   190 _P3_1	=	0x00b1
                           0000B2   191 _P3_2	=	0x00b2
                           0000B3   192 _P3_3	=	0x00b3
                           0000B4   193 _P3_4	=	0x00b4
                           0000B5   194 _P3_5	=	0x00b5
                           0000B6   195 _P3_6	=	0x00b6
                           0000B7   196 _P3_7	=	0x00b7
                           0000B0   197 _RXD	=	0x00b0
                           0000B1   198 _TXD	=	0x00b1
                           0000B2   199 _INT0	=	0x00b2
                           0000B3   200 _INT1	=	0x00b3
                           0000B4   201 _T0	=	0x00b4
                           0000B5   202 _T1	=	0x00b5
                           0000B6   203 _WR	=	0x00b6
                           0000B7   204 _RD	=	0x00b7
                           0000B8   205 _PX0	=	0x00b8
                           0000B9   206 _PT0	=	0x00b9
                           0000BA   207 _PX1	=	0x00ba
                           0000BB   208 _PT1	=	0x00bb
                           0000BC   209 _PS	=	0x00bc
                           0000D0   210 _P	=	0x00d0
                           0000D1   211 _F1	=	0x00d1
                           0000D2   212 _OV	=	0x00d2
                           0000D3   213 _RS0	=	0x00d3
                           0000D4   214 _RS1	=	0x00d4
                           0000D5   215 _F0	=	0x00d5
                           0000D6   216 _AC	=	0x00d6
                           0000D7   217 _CY	=	0x00d7
                                    218 ;--------------------------------------------------------
                                    219 ; overlayable register banks
                                    220 ;--------------------------------------------------------
                                    221 	.area REG_BANK_0	(REL,OVR,DATA)
      000000                        222 	.ds 8
                                    223 ;--------------------------------------------------------
                                    224 ; internal ram data
                                    225 ;--------------------------------------------------------
                                    226 	.area DSEG    (DATA)
                           000032   227 _SPArray	=	0x0032
                           000036   228 _currThr	=	0x0036
                           000037   229 _threadBitMask	=	0x0037
                           000038   230 _tempBitMask	=	0x0038
                           000039   231 _tempSP	=	0x0039
                           00003B   232 _shift	=	0x003b
                                    233 ;--------------------------------------------------------
                                    234 ; overlayable items in internal ram 
                                    235 ;--------------------------------------------------------
                                    236 	.area	OSEG    (OVR,DATA)
                                    237 	.area	OSEG    (OVR,DATA)
                                    238 	.area	OSEG    (OVR,DATA)
                                    239 ;--------------------------------------------------------
                                    240 ; indirectly addressable internal ram data
                                    241 ;--------------------------------------------------------
                                    242 	.area ISEG    (DATA)
                                    243 ;--------------------------------------------------------
                                    244 ; absolute internal ram data
                                    245 ;--------------------------------------------------------
                                    246 	.area IABS    (ABS,DATA)
      000021                        247 	.org 0x0021
      000021                        248 _pushZero:
      000021                        249 	.ds 1
      00003A                        250 	.org 0x003A
      00003A                        251 _tempPSW:
      00003A                        252 	.ds 1
                                    253 	.area IABS    (ABS,DATA)
                                    254 ;--------------------------------------------------------
                                    255 ; bit data
                                    256 ;--------------------------------------------------------
                                    257 	.area BSEG    (BIT)
                                    258 ;--------------------------------------------------------
                                    259 ; paged external ram data
                                    260 ;--------------------------------------------------------
                                    261 	.area PSEG    (PAG,XDATA)
                                    262 ;--------------------------------------------------------
                                    263 ; external ram data
                                    264 ;--------------------------------------------------------
                                    265 	.area XSEG    (XDATA)
                                    266 ;--------------------------------------------------------
                                    267 ; absolute external ram data
                                    268 ;--------------------------------------------------------
                                    269 	.area XABS    (ABS,XDATA)
                                    270 ;--------------------------------------------------------
                                    271 ; external initialized ram data
                                    272 ;--------------------------------------------------------
                                    273 	.area XISEG   (XDATA)
                                    274 	.area HOME    (CODE)
                                    275 	.area GSINIT0 (CODE)
                                    276 	.area GSINIT1 (CODE)
                                    277 	.area GSINIT2 (CODE)
                                    278 	.area GSINIT3 (CODE)
                                    279 	.area GSINIT4 (CODE)
                                    280 	.area GSINIT5 (CODE)
                                    281 	.area GSINIT  (CODE)
                                    282 	.area GSFINAL (CODE)
                                    283 	.area CSEG    (CODE)
                                    284 ;--------------------------------------------------------
                                    285 ; global & static initialisations
                                    286 ;--------------------------------------------------------
                                    287 	.area HOME    (CODE)
                                    288 	.area GSINIT  (CODE)
                                    289 	.area GSFINAL (CODE)
                                    290 	.area GSINIT  (CODE)
                                    291 ;	preemptive.c:15: __data __at (0x21) static char pushZero = (char)0x00;  //Direct address to push 0 to registers in ThreadCreate                   
      000000 75*21 00         [24]  292 	mov	_pushZero,#0x00
                                    293 ;	preemptive.c:18: __data __at (0x3A) static char tempPSW = (char)0x00;   //Temporary PSW
      000003 75*3A 00         [24]  294 	mov	_tempPSW,#0x00
                                    295 ;--------------------------------------------------------
                                    296 ; Home
                                    297 ;--------------------------------------------------------
                                    298 	.area HOME    (CODE)
                                    299 	.area HOME    (CODE)
                                    300 ;--------------------------------------------------------
                                    301 ; code
                                    302 ;--------------------------------------------------------
                                    303 	.area CSEG    (CODE)
                                    304 ;------------------------------------------------------------
                                    305 ;Allocation info for local variables in function 'Bootstrap'
                                    306 ;------------------------------------------------------------
                                    307 ;	preemptive.c:49: void Bootstrap(void) {   
                                    308 ;	-----------------------------------------
                                    309 ;	 function Bootstrap
                                    310 ;	-----------------------------------------
      000000                        311 _Bootstrap:
                           000007   312 	ar7 = 0x07
                           000006   313 	ar6 = 0x06
                           000005   314 	ar5 = 0x05
                           000004   315 	ar4 = 0x04
                           000003   316 	ar3 = 0x03
                           000002   317 	ar2 = 0x02
                           000001   318 	ar1 = 0x01
                           000000   319 	ar0 = 0x00
                                    320 ;	preemptive.c:51: TMOD = 0;  // timer 0 mode 0
      000000 75 89 00         [24]  321 	mov	_TMOD,#0x00
                                    322 ;	preemptive.c:52: IE = 0x82;  // enable timer 0 interrupt; keep consumer polling
      000003 75 A8 82         [24]  323 	mov	_IE,#0x82
                                    324 ;	preemptive.c:54: TR0 = 1; // set bit TR0 to start running timer 0
                                    325 ;	assignBit
      000006 D2 8C            [12]  326 	setb	_TR0
                                    327 ;	preemptive.c:57: threadBitMask = (char)0x00;
      000008 75 37 00         [24]  328 	mov	_threadBitMask,#0x00
                                    329 ;	preemptive.c:60: currThr = ThreadCreate(main);
      00000B 90r00r00         [24]  330 	mov	dptr,#_main
      00000E 12r00r26         [24]  331 	lcall	_ThreadCreate
      000011 85 82 36         [24]  332 	mov	_currThr,dpl
                                    333 ;	preemptive.c:61: RESTORESTATE;
      000014 E5 36            [12]  334 	mov	a,_currThr
      000016 24 32            [12]  335 	add	a,#_SPArray
      000018 F9               [12]  336 	mov	r1,a
      000019 87 81            [24]  337 	mov	_SP,@r1
      00001B D0 D0            [24]  338 	POP PSW 
      00001D D0 83            [24]  339 	POP DPH 
      00001F D0 82            [24]  340 	POP DPL 
      000021 D0 F0            [24]  341 	POP B 
      000023 D0 E0            [24]  342 	POP ACC 
                                    343 ;	preemptive.c:62: }
      000025 22               [24]  344 	ret
                                    345 ;------------------------------------------------------------
                                    346 ;Allocation info for local variables in function 'ThreadCreate'
                                    347 ;------------------------------------------------------------
                                    348 ;fp                        Allocated to registers 
                                    349 ;threadId                  Allocated to registers r7 
                                    350 ;startingSP                Allocated to registers r6 
                                    351 ;------------------------------------------------------------
                                    352 ;	preemptive.c:65: ThreadID ThreadCreate(FunctionPtr fp){
                                    353 ;	-----------------------------------------
                                    354 ;	 function ThreadCreate
                                    355 ;	-----------------------------------------
      000026                        356 _ThreadCreate:
                                    357 ;	preemptive.c:66: EA =0; //Critical section
                                    358 ;	assignBit
      000026 C2 AF            [12]  359 	clr	_EA
                                    360 ;	preemptive.c:69: if(threadBitMask == (char)0x0F){
      000028 74 0F            [12]  361 	mov	a,#0x0f
      00002A B5 37 04         [24]  362 	cjne	a,_threadBitMask,00102$
                                    363 ;	preemptive.c:70: return -1;
      00002D 75 82 FF         [24]  364 	mov	dpl,#0xff
      000030 22               [24]  365 	ret
      000031                        366 00102$:
                                    367 ;	preemptive.c:74: threadBitMask |= ((threadBitMask+1) & (~threadBitMask));
      000031 AF 37            [24]  368 	mov	r7,_threadBitMask
      000033 0F               [12]  369 	inc	r7
      000034 E5 37            [12]  370 	mov	a,_threadBitMask
      000036 F4               [12]  371 	cpl	a
      000037 FE               [12]  372 	mov	r6,a
      000038 5F               [12]  373 	anl	a,r7
      000039 42 37            [12]  374 	orl	_threadBitMask,a
                                    375 ;	preemptive.c:78: tempBitMask = threadBitMask;
      00003B 85 37 38         [24]  376 	mov	_tempBitMask,_threadBitMask
                                    377 ;	preemptive.c:79: while(tempBitMask>>=1){
      00003E 7F 00            [12]  378 	mov	r7,#0x00
      000040                        379 00103$:
      000040 E5 38            [12]  380 	mov	a,_tempBitMask
      000042 C3               [12]  381 	clr	c
      000043 13               [12]  382 	rrc	a
      000044 FE               [12]  383 	mov	r6,a
      000045 8E 38            [24]  384 	mov	_tempBitMask,r6
      000047 60 03            [24]  385 	jz	00105$
                                    386 ;	preemptive.c:80: threadId++;
      000049 0F               [12]  387 	inc	r7
      00004A 80 F4            [24]  388 	sjmp	00103$
      00004C                        389 00105$:
                                    390 ;	preemptive.c:84: char startingSP = (char)((threadId^(0x01<<2))<<4);
      00004C 74 04            [12]  391 	mov	a,#0x04
      00004E 6F               [12]  392 	xrl	a,r7
      00004F C4               [12]  393 	swap	a
      000050 54 F0            [12]  394 	anl	a,#0xf0
      000052 FE               [12]  395 	mov	r6,a
                                    396 ;	preemptive.c:87: tempSP = SP; 
      000053 85 81 39         [24]  397 	mov	_tempSP,_SP
                                    398 ;	preemptive.c:88: SP = startingSP;
      000056 8E 81            [24]  399 	mov	_SP,r6
                                    400 ;	preemptive.c:91: tempPSW ^= (char)(threadId<<3);
      000058 8F 06            [24]  401 	mov	ar6,r7
      00005A EE               [12]  402 	mov	a,r6
      00005B C4               [12]  403 	swap	a
      00005C 03               [12]  404 	rr	a
      00005D 54 F8            [12]  405 	anl	a,#0xf8
      00005F FE               [12]  406 	mov	r6,a
      000060 62*3A            [12]  407 	xrl	_tempPSW,a
                                    408 ;	preemptive.c:102: __endasm;
      000062 C0 82            [24]  409 	PUSH	DPL ;; low-byte of fp parameter
      000064 C0 83            [24]  410 	PUSH	DPH ;; high-byte of fp parameter
      000066 C0*21            [24]  411 	PUSH	_pushZero ;; ACC
      000068 C0*21            [24]  412 	PUSH	_pushZero ;; B
      00006A C0*21            [24]  413 	PUSH	_pushZero ;; DPL
      00006C C0*21            [24]  414 	PUSH	_pushZero ;; DPH
      00006E C0*3A            [24]  415 	PUSH	_tempPSW ;; PSW
                                    416 ;	preemptive.c:105: SPArray[threadId] = SP;
      000070 EF               [12]  417 	mov	a,r7
      000071 24 32            [12]  418 	add	a,#_SPArray
      000073 F8               [12]  419 	mov	r0,a
      000074 A6 81            [24]  420 	mov	@r0,_SP
                                    421 ;	preemptive.c:108: SP = tempSP;
      000076 85 39 81         [24]  422 	mov	_SP,_tempSP
                                    423 ;	preemptive.c:110: EA = 1;
                                    424 ;	assignBit
      000079 D2 AF            [12]  425 	setb	_EA
                                    426 ;	preemptive.c:112: return threadId;
      00007B 8F 82            [24]  427 	mov	dpl,r7
                                    428 ;	preemptive.c:113: }
      00007D 22               [24]  429 	ret
                                    430 ;------------------------------------------------------------
                                    431 ;Allocation info for local variables in function 'myTimer0Handler'
                                    432 ;------------------------------------------------------------
                                    433 ;pos                       Allocated to registers r7 
                                    434 ;------------------------------------------------------------
                                    435 ;	preemptive.c:116: void myTimer0Handler(void){
                                    436 ;	-----------------------------------------
                                    437 ;	 function myTimer0Handler
                                    438 ;	-----------------------------------------
      00007E                        439 _myTimer0Handler:
                                    440 ;	preemptive.c:117: EA = 0; //Critical section
                                    441 ;	assignBit
      00007E C2 AF            [12]  442 	clr	_EA
                                    443 ;	preemptive.c:119: SAVESTATE;
      000080 C0 E0            [24]  444 	PUSH ACC 
      000082 C0 F0            [24]  445 	PUSH B 
      000084 C0 82            [24]  446 	PUSH DPL 
      000086 C0 83            [24]  447 	PUSH DPH 
      000088 C0 D0            [24]  448 	PUSH PSW 
      00008A E5 36            [12]  449 	mov	a,_currThr
      00008C 24 32            [12]  450 	add	a,#_SPArray
      00008E F8               [12]  451 	mov	r0,a
      00008F A6 81            [24]  452 	mov	@r0,_SP
                                    453 ;	preemptive.c:121: shift = (char)0x01 << currThr;
      000091 85 36 F0         [24]  454 	mov	b,_currThr
      000094 05 F0            [12]  455 	inc	b
      000096 74 01            [12]  456 	mov	a,#0x01
      000098 80 02            [24]  457 	sjmp	00125$
      00009A                        458 00123$:
      00009A 25 E0            [12]  459 	add	a,acc
      00009C                        460 00125$:
      00009C D5 F0 FB         [24]  461 	djnz	b,00123$
      00009F F5 3B            [12]  462 	mov	_shift,a
                                    463 ;	preemptive.c:122: char pos = currThr;
      0000A1 AF 36            [24]  464 	mov	r7,_currThr
                                    465 ;	preemptive.c:123: do{
      0000A3                        466 00106$:
                                    467 ;	preemptive.c:124: if(shift == (char)0x08){
      0000A3 74 08            [12]  468 	mov	a,#0x08
      0000A5 B5 3B 07         [24]  469 	cjne	a,_shift,00102$
                                    470 ;	preemptive.c:125: shift = 0x01;
      0000A8 75 3B 01         [24]  471 	mov	_shift,#0x01
                                    472 ;	preemptive.c:126: pos = 0;
      0000AB 7F 00            [12]  473 	mov	r7,#0x00
      0000AD 80 06            [24]  474 	sjmp	00103$
      0000AF                        475 00102$:
                                    476 ;	preemptive.c:128: shift = (shift << 1) | (shift >>7);
      0000AF E5 3B            [12]  477 	mov	a,_shift
      0000B1 23               [12]  478 	rl	a
      0000B2 F5 3B            [12]  479 	mov	_shift,a
                                    480 ;	preemptive.c:129: pos++;
      0000B4 0F               [12]  481 	inc	r7
      0000B5                        482 00103$:
                                    483 ;	preemptive.c:131: if(shift & threadBitMask){
      0000B5 E5 37            [12]  484 	mov	a,_threadBitMask
      0000B7 55 3B            [12]  485 	anl	a,_shift
      0000B9 60 E8            [24]  486 	jz	00106$
                                    487 ;	preemptive.c:132: currThr = pos;
      0000BB 8F 36            [24]  488 	mov	_currThr,r7
                                    489 ;	preemptive.c:136: RESTORESTATE;
      0000BD E5 36            [12]  490 	mov	a,_currThr
      0000BF 24 32            [12]  491 	add	a,#_SPArray
      0000C1 F9               [12]  492 	mov	r1,a
      0000C2 87 81            [24]  493 	mov	_SP,@r1
      0000C4 D0 D0            [24]  494 	POP PSW 
      0000C6 D0 83            [24]  495 	POP DPH 
      0000C8 D0 82            [24]  496 	POP DPL 
      0000CA D0 F0            [24]  497 	POP B 
      0000CC D0 E0            [24]  498 	POP ACC 
                                    499 ;	preemptive.c:138: EA = 1;
                                    500 ;	assignBit
      0000CE D2 AF            [12]  501 	setb	_EA
                                    502 ;	preemptive.c:141: __endasm;
      0000D0 32               [24]  503 	reti
                                    504 ;	preemptive.c:142: }
      0000D1 22               [24]  505 	ret
                                    506 ;------------------------------------------------------------
                                    507 ;Allocation info for local variables in function 'ThreadYield'
                                    508 ;------------------------------------------------------------
                                    509 ;pos                       Allocated to registers r7 
                                    510 ;------------------------------------------------------------
                                    511 ;	preemptive.c:145: void ThreadYield(void) {
                                    512 ;	-----------------------------------------
                                    513 ;	 function ThreadYield
                                    514 ;	-----------------------------------------
      0000D2                        515 _ThreadYield:
                                    516 ;	preemptive.c:146: SAVESTATE;
      0000D2 C0 E0            [24]  517 	PUSH ACC 
      0000D4 C0 F0            [24]  518 	PUSH B 
      0000D6 C0 82            [24]  519 	PUSH DPL 
      0000D8 C0 83            [24]  520 	PUSH DPH 
      0000DA C0 D0            [24]  521 	PUSH PSW 
      0000DC E5 36            [12]  522 	mov	a,_currThr
      0000DE 24 32            [12]  523 	add	a,#_SPArray
      0000E0 F8               [12]  524 	mov	r0,a
      0000E1 A6 81            [24]  525 	mov	@r0,_SP
                                    526 ;	preemptive.c:148: shift = (char)0x01 << currThr;
      0000E3 85 36 F0         [24]  527 	mov	b,_currThr
      0000E6 05 F0            [12]  528 	inc	b
      0000E8 74 01            [12]  529 	mov	a,#0x01
      0000EA 80 02            [24]  530 	sjmp	00125$
      0000EC                        531 00123$:
      0000EC 25 E0            [12]  532 	add	a,acc
      0000EE                        533 00125$:
      0000EE D5 F0 FB         [24]  534 	djnz	b,00123$
      0000F1 F5 3B            [12]  535 	mov	_shift,a
                                    536 ;	preemptive.c:149: char pos = currThr;
      0000F3 AF 36            [24]  537 	mov	r7,_currThr
                                    538 ;	preemptive.c:151: do{
      0000F5                        539 00106$:
                                    540 ;	preemptive.c:152: if(shift == (char)0x08){
      0000F5 74 08            [12]  541 	mov	a,#0x08
      0000F7 B5 3B 07         [24]  542 	cjne	a,_shift,00102$
                                    543 ;	preemptive.c:153: shift = 0x01;
      0000FA 75 3B 01         [24]  544 	mov	_shift,#0x01
                                    545 ;	preemptive.c:154: pos = 0;
      0000FD 7F 00            [12]  546 	mov	r7,#0x00
      0000FF 80 06            [24]  547 	sjmp	00103$
      000101                        548 00102$:
                                    549 ;	preemptive.c:156: shift = (shift << 1) | (shift >>7);
      000101 E5 3B            [12]  550 	mov	a,_shift
      000103 23               [12]  551 	rl	a
      000104 F5 3B            [12]  552 	mov	_shift,a
                                    553 ;	preemptive.c:157: pos++;
      000106 0F               [12]  554 	inc	r7
      000107                        555 00103$:
                                    556 ;	preemptive.c:159: if(shift & threadBitMask){
      000107 E5 37            [12]  557 	mov	a,_threadBitMask
      000109 55 3B            [12]  558 	anl	a,_shift
      00010B 60 E8            [24]  559 	jz	00106$
                                    560 ;	preemptive.c:160: currThr = pos;
      00010D 8F 36            [24]  561 	mov	_currThr,r7
                                    562 ;	preemptive.c:164: RESTORESTATE;
      00010F E5 36            [12]  563 	mov	a,_currThr
      000111 24 32            [12]  564 	add	a,#_SPArray
      000113 F9               [12]  565 	mov	r1,a
      000114 87 81            [24]  566 	mov	_SP,@r1
      000116 D0 D0            [24]  567 	POP PSW 
      000118 D0 83            [24]  568 	POP DPH 
      00011A D0 82            [24]  569 	POP DPL 
      00011C D0 F0            [24]  570 	POP B 
      00011E D0 E0            [24]  571 	POP ACC 
                                    572 ;	preemptive.c:165: }
      000120 22               [24]  573 	ret
                                    574 	.area CSEG    (CODE)
                                    575 	.area CONST   (CODE)
                                    576 	.area XINIT   (CODE)
                                    577 	.area CABS    (ABS,CODE)
